<?xml version="1.0" encoding="UTF-8"?>
<!-- Generated by org.testng.reporters.JUnitReportReporter -->
<testsuite hostname="mayanknehra-l" name="EretailRest.EretailAPI.modules.PayloadManager" tests="1" failures="0" timestamp="24 Jan 2025 05:42:09 GMT" time="0.214" errors="0">
  <testcase name="orderProcessRequest" time="0.214" classname="EretailRest.EretailAPI.modules.PayloadManager"/>
</testsuite> <!-- EretailRest.EretailAPI.modules.PayloadManager -->
