<?xml version="1.0" encoding="UTF-8"?>
<!-- Generated by org.testng.reporters.JUnitReportReporter -->
<testsuite hostname="mayanknehra-l" name="EretailRest.EretailAPI.tests.crud.SampleTest" tests="1" failures="0" timestamp="24 Jan 2025 05:42:09 GMT" time="0.017" errors="0">
  <testcase name="testSampleTestCase" time="0.017" classname="EretailRest.EretailAPI.tests.crud.SampleTest"/>
</testsuite> <!-- EretailRest.EretailAPI.tests.crud.SampleTest -->
