<?xml version="1.0" encoding="UTF-8"?>
<!-- Generated by org.testng.reporters.JUnitReportReporter -->
<testsuite skipped="0" hostname="mayanknehra-l" name="tablePrinting.TableAutomate1" tests="1" failures="0" timestamp="21 Nov 2024 05:56:38 GMT" time="12.715" errors="0">
  <testcase name="taseCase" time="12.715" classname="tablePrinting.TableAutomate1"/>
</testsuite> <!-- tablePrinting.TableAutomate1 -->
