<?xml version="1.0" encoding="UTF-8"?>
<!-- Generated by org.testng.reporters.JUnitReportReporter -->
<testsuite skipped="0" hostname="mayanknehra-l" name="Automation.startSeleniumPractice.SkuLinkToStoreFetchData" tests="1" failures="0" timestamp="01 May 2025 05:15:00 GMT" time="40.845" errors="0">
  <testcase name="search" time="40.845" classname="Automation.startSeleniumPractice.SkuLinkToStoreFetchData"/>
</testsuite> <!-- Automation.startSeleniumPractice.SkuLinkToStoreFetchData -->
