<?xml version="1.0" encoding="UTF-8"?>
<!-- Generated by org.testng.reporters.JUnitReportReporter -->
<testsuite skipped="0" hostname="mayanknehra-l" name="Automation.startSeleniumPractice.Clickonflipkartelement" tests="1" failures="0" timestamp="30 Sep 2024 07:43:56 GMT" time="45.418" errors="0">
  <testcase name="Test1" time="45.418" classname="Automation.startSeleniumPractice.Clickonflipkartelement"/>
</testsuite> <!-- Automation.startSeleniumPractice.Clickonflipkartelement -->
