<?xml version="1.0" encoding="UTF-8"?>
<!-- Generated by org.testng.reporters.JUnitReportReporter -->
<testsuite hostname="mayanknehra-l" name="Automation.startSeleniumPractice.Aug_8" tests="1" failures="0" timestamp="20 Sep 2024 10:25:38 GMT" time="25.704" errors="0">
  <testcase name="TC001" time="25.704" classname="Automation.startSeleniumPractice.Aug_8"/>
</testsuite> <!-- Automation.startSeleniumPractice.Aug_8 -->
