<?xml version="1.0" encoding="UTF-8"?>
<!-- Generated by org.testng.reporters.JUnitReportReporter -->
<testsuite skipped="0" hostname="mayanknehra-l" name="Automation.startSeleniumPractice.BlazedemoURL" tests="1" failures="0" timestamp="30 Sep 2024 12:05:11 GMT" time="13.139" errors="0">
  <testcase name="Test1" time="13.139" classname="Automation.startSeleniumPractice.BlazedemoURL"/>
</testsuite> <!-- Automation.startSeleniumPractice.BlazedemoURL -->
