<?xml version="1.0" encoding="UTF-8"?>
<!-- Generated by org.testng.reporters.JUnitReportReporter -->
<testsuite skipped="0" hostname="mayanknehra-l" name="Automation.startSeleniumPractice.TableAutomate" tests="1" failures="0" timestamp="21 Nov 2024 05:20:56 GMT" time="15.356" errors="0">
  <testcase name="taseCase" time="15.356" classname="Automation.startSeleniumPractice.TableAutomate"/>
</testsuite> <!-- Automation.startSeleniumPractice.TableAutomate -->
