<?xml version="1.0" encoding="UTF-8"?>
<!-- Generated by org.testng.reporters.JUnitReportReporter -->
<testsuite skipped="0" hostname="mayanknehra-l" name="Automation.startSeleniumPractice.SkuLinkToStoreTest" tests="1" failures="0" timestamp="30 Apr 2025 11:46:30 GMT" time="39.580" errors="0">
  <testcase name="search" time="39.580" classname="Automation.startSeleniumPractice.SkuLinkToStoreTest"/>
</testsuite> <!-- Automation.startSeleniumPractice.SkuLinkToStoreTest -->
