<?xml version="1.0" encoding="UTF-8"?>
<!-- Generated by org.testng.reporters.JUnitReportReporter -->
<testsuite skipped="0" hostname="mayanknehra-l" name="tablePrinting.TableAutomate2" tests="1" failures="0" timestamp="21 Nov 2024 07:14:28 GMT" time="32.054" errors="0">
  <testcase name="taseCase" time="32.054" classname="tablePrinting.TableAutomate2"/>
</testsuite> <!-- tablePrinting.TableAutomate2 -->
