<?xml version="1.0" encoding="UTF-8"?>
<!-- Generated by org.testng.reporters.JUnitReportReporter -->
<testsuite hostname="mayanknehra-l" name="verification.handle_payload.UsingGson_pojo.GSONSerialization" tests="1" failures="0" timestamp="23 Jan 2025 11:17:10 GMT" time="0.208" errors="0">
  <testcase name="testNonBDDStylePOSTPositive" time="0.208" classname="verification.handle_payload.UsingGson_pojo.GSONSerialization"/>
</testsuite> <!-- verification.handle_payload.UsingGson_pojo.GSONSerialization -->
