<?xml version="1.0" encoding="UTF-8"?>
<!-- Generated by org.testng.reporters.JUnitReportReporter -->
<testsuite hostname="mayanknehra-l" name="test_Crud_Integration.Integration" tests="1" failures="0" timestamp="21 Jan 2025 11:24:44 GMT" time="4.695" errors="0">
  <testcase name="getToekn" time="4.695" classname="test_Crud_Integration.Integration"/>
</testsuite> <!-- test_Crud_Integration.Integration -->
