<?xml version="1.0" encoding="UTF-8"?>
<!-- Generated by org.testng.reporters.JUnitReportReporter -->
<testsuite hostname="mayanknehra-l" name="verification.handle_payload.pojo2" tests="1" failures="0" timestamp="6 Nov 2024 09:33:25 GMT" time="0.099" errors="0">
  <testcase name="payloadpostbyusingHashMap" time="0.099" classname="verification.handle_payload.pojo2"/>
</testsuite> <!-- verification.handle_payload.pojo2 -->
