<?xml version="1.0" encoding="UTF-8"?>
<!-- Generated by org.testng.reporters.JUnitReportReporter -->
<testsuite hostname="mayanknehra-l" name="verification.handle_payload.UsingHashmap" tests="1" failures="0" timestamp="6 Nov 2024 09:38:43 GMT" time="0.083" errors="0">
  <testcase name="payloadpostbyusingHashMap" time="0.083" classname="verification.handle_payload.UsingHashmap"/>
</testsuite> <!-- verification.handle_payload.UsingHashmap -->
