<?xml version="1.0" encoding="UTF-8"?>
<!-- Generated by org.testng.reporters.JUnitReportReporter -->
<testsuite hostname="mayanknehra-l" name="Annotation.TC001" tests="4" failures="0" timestamp="2 Aug 2024 10:17:23 GMT" time="0.012" errors="0">
  <testcase name="TC4" time="0.001" classname="Annotation.TC001"/>
  <testcase name="TC1" time="0.010" classname="Annotation.TC001"/>
  <testcase name="TC3" time="0.001" classname="Annotation.TC001"/>
  <testcase name="TC2" time="0.000" classname="Annotation.TC001"/>
</testsuite> <!-- Annotation.TC001 -->
