<?xml version="1.0" encoding="UTF-8"?>
<!-- Generated by org.testng.reporters.JUnitReportReporter -->
<testsuite hostname="mayanknehra-l" name="automationsetup.Class1" tests="1" failures="0" timestamp="10 Sep 2024 10:17:26 GMT" time="58.992" errors="0">
  <testcase name="TC001" time="58.992" classname="automationsetup.Class1"/>
</testsuite> <!-- automationsetup.Class1 -->
