<?xml version="1.0" encoding="UTF-8"?>
<!-- Generated by org.testng.reporters.JUnitReportReporter -->
<testsuite hostname="mayanknehra-l" name="annotation.Project" tests="1" failures="0" timestamp="16 Sep 2024 06:30:40 GMT" time="0.016" errors="0">
  <testcase name="TC3" time="0.016" classname="annotation.Project"/>
</testsuite> <!-- annotation.Project -->
