<?xml version="1.0" encoding="UTF-8"?>
<!-- Generated by org.testng.reporters.JUnitReportReporter -->
<testsuite hostname="mayanknehra-l" name="testcases.web.TC_001" tests="1" failures="0" timestamp="15 Oct 2024 04:53:24 GMT" time="19.536" errors="0">
  <testcase name="desktopOperation" time="19.536" classname="testcases.web.TC_001"/>
</testsuite> <!-- testcases.web.TC_001 -->
