<?xml version="1.0" encoding="UTF-8"?>
<!-- Generated by org.testng.reporters.JUnitReportReporter -->
<testsuite hostname="mayanknehra-l" name="testcases.web.SearchItem" tests="1" failures="0" timestamp="21 Oct 2024 12:10:53 GMT" time="28.401" errors="0">
  <testcase name="searchItem" time="28.401" classname="testcases.web.SearchItem"/>
</testsuite> <!-- testcases.web.SearchItem -->
