<?xml version="1.0" encoding="UTF-8"?>
<!-- Generated by org.testng.reporters.JUnitReportReporter -->
<testsuite hostname="mayanknehra-l" name="annotationPractice.B" tests="4" failures="0" timestamp="16 Apr 2025 06:32:48 GMT" time="0.018" errors="0">
  <testcase name="TC004" time="0.003" classname="annotationPractice.B"/>
  <testcase name="TC003" time="0.011" classname="annotationPractice.B"/>
  <testcase name="TC001" time="0.002" classname="annotationPractice.B"/>
  <testcase name="TC002" time="0.002" classname="annotationPractice.B"/>
</testsuite> <!-- annotationPractice.B -->
