<?xml version="1.0" encoding="UTF-8"?>
<!-- Generated by org.testng.reporters.JUnitReportReporter -->
<testsuite hostname="mayanknehra-l" name="annotationPractice1.C" tests="1" failures="0" timestamp="24 Oct 2024 03:54:46 GMT" time="0.010" errors="0">
  <testcase name="TC009" time="0.010" classname="annotationPractice1.C"/>
</testsuite> <!-- annotationPractice1.C -->
