<?xml version="1.0" encoding="UTF-8"?>
<!-- Generated by org.testng.reporters.JUnitReportReporter -->
<testsuite hostname="mayanknehra-l" name="annotationPractice.A" tests="2" failures="0" timestamp="24 Oct 2024 03:54:46 GMT" time="0.032" errors="0">
  <testcase name="TC002" time="0.007" classname="annotationPractice.A"/>
  <testcase name="TC001" time="0.025" classname="annotationPractice.A"/>
</testsuite> <!-- annotationPractice.A -->
