<?xml version="1.0" encoding="UTF-8"?>
<!-- Generated by org.testng.reporters.JUnitReportReporter -->
<testsuite skipped="0" hostname="mayanknehra-l" name="aw.A" tests="1" failures="0" timestamp="07 Sep 2024 08:37:46 GMT" time="0.017" errors="0">
  <testcase name="sub" time="0.017" classname="aw.A"/>
</testsuite> <!-- aw.A -->
