<?xml version="1.0" encoding="UTF-8"?>
<!-- Generated by org.testng.reporters.JUnitReportReporter -->
<testsuite hostname="mayanknehra-l" name="Eretail.FrameworkEretail.tests.LoginWithExcelData1" tests="2" failures="0" timestamp="25 Apr 2025 04:43:53 GMT" time="12.047" errors="0">
  <testcase name="testLogin" time="2.575" classname="Eretail.FrameworkEretail.tests.LoginWithExcelData1"/>
  <testcase name="testLogin" time="9.472" classname="Eretail.FrameworkEretail.tests.LoginWithExcelData1"/>
</testsuite> <!-- Eretail.FrameworkEretail.tests.LoginWithExcelData1 -->
