<?xml version="1.0" encoding="UTF-8"?>
<!-- Generated by org.testng.reporters.JUnitReportReporter -->
<testsuite hostname="mayanknehra-l" name="Eretail.FrameworkEretail.tests.DatabaseQuery" tests="1" failures="0" timestamp="10 Apr 2025 07:34:50 GMT" time="8.998" errors="0">
  <testcase name="TC001" time="8.998" classname="Eretail.FrameworkEretail.tests.DatabaseQuery"/>
</testsuite> <!-- Eretail.FrameworkEretail.tests.DatabaseQuery -->
