<?xml version="1.0" encoding="UTF-8"?>
<!-- Generated by org.testng.reporters.JUnitReportReporter -->
<testsuite hostname="mayanknehra-l" name="Eretail.FrameworkEretail.tests.LoginWithExcelData" tests="3" failures="0" timestamp="22 Apr 2025 11:12:55 GMT" time="0.090" errors="0">
  <testcase name="testLogin" time="0.064" classname="Eretail.FrameworkEretail.tests.LoginWithExcelData"/>
  <testcase name="testLogin" time="0.013" classname="Eretail.FrameworkEretail.tests.LoginWithExcelData"/>
  <testcase name="testLogin" time="0.013" classname="Eretail.FrameworkEretail.tests.LoginWithExcelData"/>
</testsuite> <!-- Eretail.FrameworkEretail.tests.LoginWithExcelData -->
