<?xml version="1.0" encoding="UTF-8"?>
<!-- Generated by org.testng.reporters.JUnitReportReporter -->
<testsuite hostname="mayanknehra-l" name="Eretail.FrameworkEretail.tests.dummy1" tests="1" failures="0" timestamp="16 May 2025 05:27:46 GMT" time="14.390" errors="0">
  <testcase name="TC001" time="14.390" classname="Eretail.FrameworkEretail.tests.dummy1"/>
</testsuite> <!-- Eretail.FrameworkEretail.tests.dummy1 -->
