<?xml version="1.0" encoding="UTF-8"?>
<!-- Generated by org.testng.reporters.JUnitReportReporter -->
<testsuite hostname="mayanknehra-l" name="Eretail.FrameworkEretail.tests.LoginWithCsvData1" tests="2" failures="0" timestamp="25 Apr 2025 04:57:40 GMT" time="6.538" errors="0">
  <testcase name="testLogin" time="2.853" classname="Eretail.FrameworkEretail.tests.LoginWithCsvData1"/>
  <testcase name="testLogin" time="3.685" classname="Eretail.FrameworkEretail.tests.LoginWithCsvData1"/>
</testsuite> <!-- Eretail.FrameworkEretail.tests.LoginWithCsvData1 -->
