<?xml version="1.0" encoding="UTF-8"?>
<!-- Generated by org.testng.reporters.JUnitReportReporter -->
<testsuite hostname="AbhayGupta" failures="0" tests="3" name="EntryTestCase.LoginPageTestCase" time="14.384" errors="0" timestamp="2024-09-08T20:56:54 IST" skipped="0">
  <testcase classname="EntryTestCase.LoginPageTestCase" name="loginPageTitletest" time="5.017"/>
  <testcase classname="EntryTestCase.LoginPageTestCase" name="eRetailLogoImageTest" time="3.865"/>
  <testcase classname="EntryTestCase.LoginPageTestCase" name="loginTest" time="5.502"/>
</testsuite> <!-- EntryTestCase.LoginPageTestCase -->
