<?xml version="1.0" encoding="UTF-8"?>
<!-- Generated by org.testng.reporters.JUnitReportReporter -->
<testsuite skipped="0" hostname="mayanknehra-l" name="seleniumwork.B" tests="1" failures="0" timestamp="22 Aug 2024 06:27:05 GMT" time="26.165" errors="0">
  <testcase name="TC001" time="26.165" classname="seleniumwork.B"/>
</testsuite> <!-- seleniumwork.B -->
