<?xml version="1.0" encoding="UTF-8"?>
<!-- Generated by org.testng.reporters.JUnitReportReporter -->
<testsuite skipped="0" hostname="mayanknehra-l" name="testng1.A" tests="3" failures="0" timestamp="23 Sep 2024 06:30:20 GMT" time="0.010" errors="0">
  <testcase name="TC002" time="0.005" classname="testng1.A"/>
  <testcase name="TC003" time="0.003" classname="testng1.A"/>
  <testcase name="TC001" time="0.002" classname="testng1.A"/>
</testsuite> <!-- testng1.A -->
