<?xml version="1.0" encoding="UTF-8"?>
<!-- Generated by org.testng.reporters.JUnitReportReporter -->
<testsuite skipped="0" hostname="mayanknehra-l" name="testng2.C" tests="4" failures="0" timestamp="18 Aug 2024 03:15:19 GMT" time="0.034" errors="0">
  <testcase name="TC1" time="0.003" classname="testng2.C"/>
  <testcase name="TC4" time="0.004" classname="testng2.C"/>
  <testcase name="TC3" time="0.024" classname="testng2.C"/>
  <testcase name="TC2" time="0.003" classname="testng2.C"/>
</testsuite> <!-- testng2.C -->
