<?xml version="1.0" encoding="UTF-8"?>
<!-- Generated by org.testng.reporters.JUnitReportReporter -->
<testsuite skipped="0" hostname="mayanknehra-l" name="notepad.TestNG" tests="3" failures="0" timestamp="17 Aug 2024 04:08:28 GMT" time="0.013" errors="0">
  <testcase name="TC003" time="0.010" classname="notepad.TestNG"/>
  <testcase name="TC002" time="0.001" classname="notepad.TestNG"/>
  <testcase name="TC001" time="0.002" classname="notepad.TestNG"/>
</testsuite> <!-- notepad.TestNG -->
