<?xml version="1.0" encoding="UTF-8"?>
<!-- Generated by org.testng.reporters.JUnitReportReporter -->
<testsuite hostname="mayanknehra-l" name="testng1.B" tests="4" failures="0" timestamp="2 Aug 2024 03:25:21 GMT" time="0.018" errors="0">
  <testcase name="TC004" time="0.002" classname="testng1.B"/>
  <testcase name="TC003" time="0.002" classname="testng1.B"/>
  <testcase name="TC001" time="0.001" classname="testng1.B"/>
  <testcase name="TC002" time="0.013" classname="testng1.B"/>
</testsuite> <!-- testng1.B -->
